Info: Starting: Create block symbol file (.bsf)
Info: qsys-generate /home/quartus/Lab2/DE2_115/qsys/RSA256_qsys.qsys --block-symbol-file --output-directory=/home/quartus/Lab2/DE2_115/qsys --family="Cyclone IV E" --part=EP4CE75F29C7
Progress: Loading qsys/RSA256_qsys.qsys
Progress: Reading input file
Progress: Adding RSA256_0 [RSA256 1.0]
Progress: Parameterizing module RSA256_0
Progress: Adding altpll_0 [altpll 15.0]
Progress: Parameterizing module altpll_0
Progress: Adding clk_0 [clock_source 15.0]
Progress: Parameterizing module clk_0
Progress: Adding uart_0 [altera_avalon_uart 15.0]
Progress: Parameterizing module uart_0
Progress: Building connections
Progress: Parameterizing connections
Progress: Validating
Progress: Done reading input file
Warning: RSA256_qsys.altpll_0: altpll_0.areset_conduit must be exported, or connected to a matching conduit.
Warning: RSA256_qsys.altpll_0: altpll_0.locked_conduit must be exported, or connected to a matching conduit.
Warning: RSA256_qsys.altpll_0: altpll_0.phasedone_conduit must be exported, or connected to a matching conduit.
Warning: RSA256_qsys.uart_0: Interrupt sender uart_0.irq is not connected to an interrupt receiver
Warning: RSA256_qsys.altpll_0: altpll_0.pll_slave must be connected to an Avalon-MM master
Info: ip-generate succeeded.
Info: Finished: Create block symbol file (.bsf)
Info: 
Info: Starting: Create HDL design files for synthesis
Info: qsys-generate /home/quartus/Lab2/DE2_115/qsys/RSA256_qsys.qsys --synthesis=VERILOG --output-directory=/home/quartus/Lab2/DE2_115/qsys/synthesis --family="Cyclone IV E" --part=EP4CE75F29C7
Progress: Loading qsys/RSA256_qsys.qsys
Progress: Reading input file
Progress: Adding RSA256_0 [RSA256 1.0]
Progress: Parameterizing module RSA256_0
Progress: Adding altpll_0 [altpll 15.0]
Progress: Parameterizing module altpll_0
Progress: Adding clk_0 [clock_source 15.0]
Progress: Parameterizing module clk_0
Progress: Adding uart_0 [altera_avalon_uart 15.0]
Progress: Parameterizing module uart_0
Progress: Building connections
Progress: Parameterizing connections
Progress: Validating
Progress: Done reading input file
Warning: RSA256_qsys.altpll_0: altpll_0.areset_conduit must be exported, or connected to a matching conduit.
Warning: RSA256_qsys.altpll_0: altpll_0.locked_conduit must be exported, or connected to a matching conduit.
Warning: RSA256_qsys.altpll_0: altpll_0.phasedone_conduit must be exported, or connected to a matching conduit.
Warning: RSA256_qsys.uart_0: Interrupt sender uart_0.irq is not connected to an interrupt receiver
Warning: RSA256_qsys.altpll_0: altpll_0.pll_slave must be connected to an Avalon-MM master
Info: RSA256_qsys: Generating RSA256_qsys "RSA256_qsys" for QUARTUS_SYNTH
Info: Interconnect is inserted between master RSA256_0.avalon_master_0 and slave uart_0.s1 because the master has readdata signal 32 bit wide, but the slave is 16 bit wide.
Info: Interconnect is inserted between master RSA256_0.avalon_master_0 and slave uart_0.s1 because the master has writedata signal 32 bit wide, but the slave is 16 bit wide.
Info: Interconnect is inserted between master RSA256_0.avalon_master_0 and slave uart_0.s1 because the master has waitrequest signal 1 bit wide, but the slave is 0 bit wide.
Info: Interconnect is inserted between master RSA256_0.avalon_master_0 and slave uart_0.s1 because the master has address signal 5 bit wide, but the slave is 3 bit wide.
Warning: RSA256_qsys: "No matching role found for uart_0:s1:dataavailable (dataavailable)"
Warning: RSA256_qsys: "No matching role found for uart_0:s1:readyfordata (readyfordata)"
Info: RSA256_0: "RSA256_qsys" instantiated RSA256 "RSA256_0"
Info: altpll_0: "RSA256_qsys" instantiated altpll "altpll_0"
Info: uart_0: Starting RTL generation for module 'RSA256_qsys_uart_0'
Info: uart_0:   Generation command is [exec /home/quartus/altera/15.0/quartus/linux64/perl/bin/perl -I /home/quartus/altera/15.0/quartus/linux64/perl/lib -I /home/quartus/altera/15.0/quartus/sopc_builder/bin/europa -I /home/quartus/altera/15.0/quartus/sopc_builder/bin/perl_lib -I /home/quartus/altera/15.0/quartus/sopc_builder/bin -I /home/quartus/altera/15.0/quartus/../ip/altera/sopc_builder_ip/common -I /home/quartus/altera/15.0/quartus/../ip/altera/sopc_builder_ip/altera_avalon_uart -- /home/quartus/altera/15.0/quartus/../ip/altera/sopc_builder_ip/altera_avalon_uart/generate_rtl.pl --name=RSA256_qsys_uart_0 --dir=/tmp/alt6728_8932699583519832043.dir/0005_uart_0_gen/ --quartus_dir=/home/quartus/altera/15.0/quartus --verilog --config=/tmp/alt6728_8932699583519832043.dir/0005_uart_0_gen//RSA256_qsys_uart_0_component_configuration.pl  --do_build_sim=0  ]
Info: uart_0: Done RTL generation for module 'RSA256_qsys_uart_0'
Info: uart_0: "RSA256_qsys" instantiated altera_avalon_uart "uart_0"
Info: mm_interconnect_0: "RSA256_qsys" instantiated altera_mm_interconnect "mm_interconnect_0"
Info: rst_controller: "RSA256_qsys" instantiated altera_reset_controller "rst_controller"
Info: RSA256_0_avalon_master_0_translator: "mm_interconnect_0" instantiated altera_merlin_master_translator "RSA256_0_avalon_master_0_translator"
Info: uart_0_s1_translator: "mm_interconnect_0" instantiated altera_merlin_slave_translator "uart_0_s1_translator"
Info: RSA256_qsys: Done "RSA256_qsys" with 8 modules, 11 files
Info: ip-generate succeeded.
Info: Finished: Create HDL design files for synthesis
